<?xml version="1.0" encoding="UTF-8"?>
<Site BuildName="(empty)"
	BuildStamp="20240628-0037-Experimental"
	Name="user1-Ubuntu"
	Generator="ctest-3.26.0"
	CompilerName="/usr/bin/c++"
	CompilerVersion="7.5.0"
	OSName="Linux"
	Hostname="user1-Ubuntu"
	OSRelease="5.4.0-150-generic"
	OSVersion="#167~18.04.1-Ubuntu SMP Wed May 24 00:51:42 UTC 2023"
	OSPlatform="x86_64"
	Is64Bits="1"
	VendorString="GenuineIntel"
	VendorID="Intel Corporation"
	FamilyID="6"
	ModelID="60"
	ProcessorCacheSize="6144"
	NumberOfLogicalCPU="4"
	NumberOfPhysicalCPU="4"
	TotalVirtualMemory="2047"
	TotalPhysicalMemory="15964"
	LogicalProcessorsPerPhysical="1"
	ProcessorClockFrequency="3462.01"
	>
	<Testing>
		<StartDateTime>Jun 28 17:07 KST</StartDateTime>
		<StartTestTime>1719562031</StartTestTime>
		<TestList/>
		<EndDateTime>Jun 28 17:07 KST</EndDateTime>
		<EndTestTime>1719562031</EndTestTime>
		<ElapsedMinutes>0</ElapsedMinutes>
	</Testing>
</Site>
